<?xml version="1.0" encoding="utf-8"?><testsuites><testsuite name="pytest" errors="0" failures="0" skipped="0" tests="5" time="11.439" timestamp="2025-03-09T06:15:35.018087+01:00" hostname="Tatianas-MacBook-Pro.local"><testcase classname="tests.test_marvel_characters.TestMarvelCharacters" name="test_main" file="tests/test_marvel_characters.py" line="23" time="5.433" /><testcase classname="tests.test_marvel_characters.TestMarvelCharacters" name="test_marvel" file="tests/test_marvel_characters.py" line="27" time="3.843" /><testcase classname="tests.test_marvel_characters.TestMarvelCharacters" name="test_pipeline_create_pipeline" file="tests/test_marvel_characters.py" line="51" time="0.005" /><testcase classname="tests.test_marvel_characters.TestMarvelCharacters" name="test_nodes_preprocess_characters" file="tests/test_marvel_characters.py" line="56" time="0.013" /><testcase classname="tests.test_marvel_characters.TestMarvelCharacters" name="test_nodes_reporting" file="tests/test_marvel_characters.py" line="90" time="0.140" /></testsuite></testsuites>
